e:\hybird\cmakefiles\generate.stamp
e:\hybird\hybird.dir\release\utils.obj
e:\hybird\hybird.dir\release\node.obj
e:\hybird\hybird.dir\release\lb.obj
e:\hybird\hybird.dir\release\io.obj
e:\hybird\hybird.dir\release\hybird.obj
e:\hybird\hybird.dir\release\elmt.obj
e:\hybird\hybird.dir\release\dem.obj
e:\hybird\bin\release\hybird.exe
e:\hybird\hybird.dir\release\hybird.tlog\custombuild.command.1.tlog
e:\hybird\hybird.dir\release\hybird.tlog\custombuild.read.1.tlog
e:\hybird\hybird.dir\release\hybird.tlog\custombuild.write.1.tlog
e:\hybird\hybird.dir\release\hybird.tlog\cl.read.1.tlog
e:\hybird\hybird.dir\release\hybird.tlog\cl.write.1.tlog
e:\hybird\hybird.dir\release\hybird.tlog\cl.command.1.tlog
e:\hybird\hybird.dir\release\hybird.tlog\link.read.1.tlog
e:\hybird\hybird.dir\release\hybird.tlog\link.write.1.tlog
e:\hybird\hybird.dir\release\hybird.tlog\link.secondary.1.tlog
e:\hybird\hybird.dir\release\hybird.tlog\link.command.1.tlog
e:\hybird\hybird.dir\release\hybird.tlog\cl.items.tlog
